C:\Program Files (x86)\Microsoft Visual Studio\2019\Community\MSBuild\Microsoft\VC\v160\Microsoft.CppBuild.targets(491,5): warning MSB8028: The intermediate directory (x64\Debug\) contains files shared from another project (CudaRuntimeTesting.vcxproj).  This can lead to incorrect clean and rebuild behavior.
  Compiling CUDA source file BlackholeRenderer.cu...
  
  C:\Users\alexh\source\repos\CudaRuntimeTesting\CSC213-FinalProject\BlackholeRenderer>"C:\Program Files\NVIDIA GPU Computing Toolkit\CUDA\v11.5\bin\nvcc.exe" -gencode=arch=compute_52,code=\"sm_52,compute_52\" --use-local-env -ccbin "C:\Program Files (x86)\Microsoft Visual Studio\2019\Community\VC\Tools\MSVC\14.28.29333\bin\HostX86\x64" -x cu   -I"C:\Program Files\NVIDIA GPU Computing Toolkit\CUDA\v11.5\include" -I"C:\Program Files\NVIDIA GPU Computing Toolkit\CUDA\v11.5\include"  -G   --keep-dir x64\Debug  -maxrregcount=0  --machine 64 --compile -cudart static  -g  -DWIN32 -DWIN64 -D_DEBUG -D_CONSOLE -D_MBCS -Xcompiler "/EHsc /W3 /nologo /Od /Fdx64\Debug\vc142.pdb /FS /Zi /RTC1 /MDd " -o x64\Debug\BlackholeRenderer.cu.obj "C:\Users\alexh\source\repos\CudaRuntimeTesting\CSC213-FinalProject\BlackholeRenderer\BlackholeRenderer.cu" 
C:\Users\alexh\source\repos\CudaRuntimeTesting\CSC213-FinalProject\BlackholeRenderer\stb_image.h(4238): warning #550-D: variable "old_limit" was set but never used
  
C:\Users\alexh\source\repos\CudaRuntimeTesting\CSC213-FinalProject\BlackholeRenderer\stb_image.h(5179): warning #550-D: variable "idata_limit_old" was set but never used
  
C:\Users\alexh\source\repos\CudaRuntimeTesting\CSC213-FinalProject\BlackholeRenderer\stb_image.h(6998): warning #550-D: variable "out_size" was set but never used
  
C:\Users\alexh\source\repos\CudaRuntimeTesting\CSC213-FinalProject\BlackholeRenderer\stb_image.h(6999): warning #550-D: variable "delays_size" was set but never used
  
C:\Users\alexh\source\repos\CudaRuntimeTesting\CSC213-FinalProject\BlackholeRenderer\BlackholeRenderer.cu(31): warning #375-D: declaration requires a typedef name
  
C:\Users\alexh\source\repos\CudaRuntimeTesting\CSC213-FinalProject\BlackholeRenderer\BlackholeRenderer.cu(290): warning #780-D: reference is to variable "i"
  (203): here -- under old for-init scoping rules it would have been variable "i"
  (272): here
  
C:\Users\alexh\source\repos\CudaRuntimeTesting\CSC213-FinalProject\BlackholeRenderer\BlackholeRenderer.cu(31): warning #375-D: declaration requires a typedef name
  
C:\Users\alexh\source\repos\CudaRuntimeTesting\CSC213-FinalProject\BlackholeRenderer\BlackholeRenderer.cu(290): warning #780-D: reference is to variable "i"
  (203): here -- under old for-init scoping rules it would have been variable "i"
  (272): here
  
  BlackholeRenderer.cu
C:\Users\alexh\source\repos\CudaRuntimeTesting\CSC213-FinalProject\BlackholeRenderer\BlackholeRenderer.cu(111): warning C4305: '=': truncation from 'double' to 'float'
C:\Users\alexh\source\repos\CudaRuntimeTesting\CSC213-FinalProject\BlackholeRenderer\BlackholeRenderer.cu(256): warning C4267: 'argument': conversion from 'size_t' to 'unsigned int', possible loss of data
C:\Users\alexh\source\repos\CudaRuntimeTesting\CSC213-FinalProject\BlackholeRenderer\BlackholeRenderer.cu(324): warning C4244: '=': conversion from 'double' to 'float', possible loss of data
C:\Users\alexh\source\repos\CudaRuntimeTesting\CSC213-FinalProject\BlackholeRenderer\BlackholeRenderer.cu(325): warning C4244: '=': conversion from 'double' to 'float', possible loss of data
C:\Users\alexh\source\repos\CudaRuntimeTesting\CSC213-FinalProject\BlackholeRenderer\BlackholeRenderer.cu(326): warning C4244: '=': conversion from 'double' to 'float', possible loss of data
C:\Users\alexh\source\repos\CudaRuntimeTesting\CSC213-FinalProject\BlackholeRenderer\BlackholeRenderer.cu(328): warning C4244: 'initializing': conversion from 'double' to 'float', possible loss of data
C:\Users\alexh\source\repos\CudaRuntimeTesting\CSC213-FinalProject\BlackholeRenderer\BlackholeRenderer.cu(510): warning C4244: 'initializing': conversion from 'double' to 'float', possible loss of data
  BlackholeRenderer.vcxproj -> C:\Users\alexh\source\repos\CudaRuntimeTesting\CSC213-FinalProject\BlackholeRenderer\x64\Debug\BlackHoleRenderer.exe
